<?xml version="1.0" encoding="UTF-8"?>
<!-- Generated by org.testng.reporters.JUnitReportReporter -->
<testsuite hostname="LAPTOP-EKQQF59L" name="getcolors" tests="2" failures="0" timestamp="9 May 2017 16:14:22 GMT" time="48.489" errors="0">
  <testcase name="test" time="20.635" classname="getcolors"/>
  <testcase name="test1" time="27.854" classname="getcolors"/>
</testsuite> <!-- getcolors -->
